<?xml version="1.0" encoding="UTF-8"?>
<testsuites>
  <testsuite name="synthetic_cdisc_data" timestamp="2023-12-11T14:31:36Z" hostname="ceb7addcd4d9" tests="14" skipped="0" failures="0" errors="0" time="2.772">
    <testcase time="0.099" classname="synthetic_cdisc_data" name="synthetic_cdisc_dataset_works_as_expected"/>
    <testcase time="0.015" classname="synthetic_cdisc_data" name="synthetic_cdisc_dataset_works_as_expected"/>
    <testcase time="0.00900000000000001" classname="synthetic_cdisc_data" name="synthetic_cdisc_dataset_works_as_expected"/>
    <testcase time="0.001" classname="synthetic_cdisc_data" name="synthetic_cdisc_dataset_works_as_expected"/>
    <testcase time="0.00799999999999995" classname="synthetic_cdisc_data" name="synthetic_cdisc_dataset_works_as_expected"/>
    <testcase time="0.001" classname="synthetic_cdisc_data" name="synthetic_cdisc_dataset_works_as_expected"/>
    <testcase time="0.001" classname="synthetic_cdisc_data" name="synthetic_cdisc_dataset_works_as_expected"/>
    <testcase time="0.001" classname="synthetic_cdisc_data" name="synthetic_cdisc_dataset_works_as_expected"/>
    <testcase time="1.332" classname="synthetic_cdisc_data" name="synthetic_cdisc_data_works_as_expected"/>
    <testcase time="0.004" classname="synthetic_cdisc_data" name="synthetic_cdisc_data_works_as_expected"/>
    <testcase time="1.29" classname="synthetic_cdisc_data" name="synthetic_cdisc_data_works_as_expected"/>
    <testcase time="0.00300000000000011" classname="synthetic_cdisc_data" name="synthetic_cdisc_data_works_as_expected"/>
    <testcase time="0.00599999999999978" classname="synthetic_cdisc_data" name="ls_synthetic_cdisc_data_works_as_expected"/>
    <testcase time="0.00200000000000022" classname="synthetic_cdisc_data" name="ls_synthetic_cdisc_data_works_as_expected"/>
  </testsuite>
</testsuites>
