<?xml version="1.0" encoding="UTF-8"?>
<testsuites>
  <testsuite name="synthetic_cdisc_data" timestamp="2024-02-14T10:54:01Z" hostname="2e95d498f280" tests="14" skipped="0" failures="0" errors="0" time="2.75">
    <testcase time="0.036" classname="synthetic_cdisc_data" name="synthetic_cdisc_dataset_works_as_expected"/>
    <testcase time="0.055" classname="synthetic_cdisc_data" name="synthetic_cdisc_dataset_works_as_expected"/>
    <testcase time="0.038" classname="synthetic_cdisc_data" name="synthetic_cdisc_dataset_works_as_expected"/>
    <testcase time="0.002" classname="synthetic_cdisc_data" name="synthetic_cdisc_dataset_works_as_expected"/>
    <testcase time="0.00700000000000001" classname="synthetic_cdisc_data" name="synthetic_cdisc_dataset_works_as_expected"/>
    <testcase time="0.001" classname="synthetic_cdisc_data" name="synthetic_cdisc_dataset_works_as_expected"/>
    <testcase time="0.001" classname="synthetic_cdisc_data" name="synthetic_cdisc_dataset_works_as_expected"/>
    <testcase time="0.001" classname="synthetic_cdisc_data" name="synthetic_cdisc_dataset_works_as_expected"/>
    <testcase time="1.302" classname="synthetic_cdisc_data" name="synthetic_cdisc_data_works_as_expected"/>
    <testcase time="0.00299999999999989" classname="synthetic_cdisc_data" name="synthetic_cdisc_data_works_as_expected"/>
    <testcase time="1.293" classname="synthetic_cdisc_data" name="synthetic_cdisc_data_works_as_expected"/>
    <testcase time="0.004" classname="synthetic_cdisc_data" name="synthetic_cdisc_data_works_as_expected"/>
    <testcase time="0.00499999999999989" classname="synthetic_cdisc_data" name="ls_synthetic_cdisc_data_works_as_expected"/>
    <testcase time="0.00200000000000022" classname="synthetic_cdisc_data" name="ls_synthetic_cdisc_data_works_as_expected"/>
  </testsuite>
</testsuites>
